2024-12-11 19:56:04 [background-preinit] INFO  o.h.validator.internal.util.Version - HV000001: Hibernate Validator 8.0.0.Final
2024-12-11 19:56:04 [Test worker] INFO  o.i.c.t.i.factory.SeatFactoryTest - Starting SeatFactoryTest using Java 17.0.7 with PID 143756 (started by lenovo in F:\develop\imitation-12306\imitation-12306-backend)
2024-12-11 19:56:04 [Test worker] INFO  o.i.c.t.i.factory.SeatFactoryTest - The following 1 profile is active: "ci"
2024-12-11 19:56:04 [Test worker] WARN  o.s.c.a.AnnotationTypeMapping - Support for convention-based annotation attribute overrides is deprecated and will be removed in Spring Framework 6.1. Please annotate the following attributes in @org.springframework.retry.annotation.EnableRetry with appropriate @AliasFor declarations: [proxyTargetClass]
2024-12-11 19:56:05 [Test worker] INFO  o.s.d.r.c.RepositoryConfigurationDelegate - Multiple Spring Data modules found, entering strict repository configuration mode
2024-12-11 19:56:05 [Test worker] INFO  o.s.d.r.c.RepositoryConfigurationDelegate - Bootstrapping Spring Data Redis repositories in DEFAULT mode.
2024-12-11 19:56:05 [Test worker] INFO  o.s.d.r.c.RepositoryConfigurationDelegate - Finished Spring Data repository scanning in 29 ms. Found 0 Redis repository interfaces.
2024-12-11 19:56:08 [Test worker] INFO  o.s.b.a.e.web.EndpointLinksResolver - Exposing 1 endpoint(s) beneath base path '/actuator'
2024-12-11 19:56:08 [Test worker] INFO  o.s.s.web.DefaultSecurityFilterChain - Will secure any request with [org.springframework.security.web.context.request.async.WebAsyncManagerIntegrationFilter@322593ed, org.springframework.security.web.header.HeaderWriterFilter@2c6d442d, org.infinity.common.security.jwt.JwtAuthenticationFilter@67062a93, org.infinity.common.security.jwt.JwtAnonymousAuthenticationFilter@5b4ce00, org.infinity.common.security.MdcFilter@7747571c, org.springframework.security.web.access.ExceptionTranslationFilter@7712df76, org.springframework.security.web.access.intercept.AuthorizationFilter@4dc5b887, org.infinity.common.security.jwt.AutoRefreshJwtFilter@69e308e2]
2024-12-11 19:56:09 [Test worker] WARN  o.s.s.c.a.web.builders.WebSecurity - You are asking Spring Security to ignore Mvc [pattern='/about']. This is not recommended -- please use permitAll via HttpSecurity#authorizeHttpRequests instead.
2024-12-11 19:56:09 [Test worker] INFO  o.s.s.web.DefaultSecurityFilterChain - Will not secure Mvc [pattern='/about']
2024-12-11 19:56:09 [Test worker] WARN  o.s.s.c.a.web.builders.WebSecurity - You are asking Spring Security to ignore Mvc [pattern='/favicon.ico']. This is not recommended -- please use permitAll via HttpSecurity#authorizeHttpRequests instead.
2024-12-11 19:56:09 [Test worker] INFO  o.s.s.web.DefaultSecurityFilterChain - Will not secure Mvc [pattern='/favicon.ico']
2024-12-11 19:56:09 [Test worker] WARN  o.s.s.c.a.web.builders.WebSecurity - You are asking Spring Security to ignore Mvc [pattern='/error']. This is not recommended -- please use permitAll via HttpSecurity#authorizeHttpRequests instead.
2024-12-11 19:56:09 [Test worker] INFO  o.s.s.web.DefaultSecurityFilterChain - Will not secure Mvc [pattern='/error']
2024-12-11 19:56:09 [Test worker] WARN  o.s.s.c.a.web.builders.WebSecurity - You are asking Spring Security to ignore Mvc [pattern='/MP_verify_qXC2acLZ7a7qm3Xp.txt']. This is not recommended -- please use permitAll via HttpSecurity#authorizeHttpRequests instead.
2024-12-11 19:56:09 [Test worker] INFO  o.s.s.web.DefaultSecurityFilterChain - Will not secure Mvc [pattern='/MP_verify_qXC2acLZ7a7qm3Xp.txt']
2024-12-11 19:56:09 [Test worker] WARN  o.s.s.c.a.web.builders.WebSecurity - You are asking Spring Security to ignore Mvc [pattern='/local-manual-test/orders/**']. This is not recommended -- please use permitAll via HttpSecurity#authorizeHttpRequests instead.
2024-12-11 19:56:09 [Test worker] INFO  o.s.s.web.DefaultSecurityFilterChain - Will not secure Mvc [pattern='/local-manual-test/orders/**']
2024-12-11 19:56:09 [Test worker] WARN  o.s.s.c.a.web.builders.WebSecurity - You are asking Spring Security to ignore Mvc [pattern='/local-manual-test/receive-webhook']. This is not recommended -- please use permitAll via HttpSecurity#authorizeHttpRequests instead.
2024-12-11 19:56:09 [Test worker] INFO  o.s.s.web.DefaultSecurityFilterChain - Will not secure Mvc [pattern='/local-manual-test/receive-webhook']
2024-12-11 19:56:09 [Test worker] WARN  o.s.s.c.a.web.builders.WebSecurity - You are asking Spring Security to ignore Mvc [pattern='/api-testing/webhook']. This is not recommended -- please use permitAll via HttpSecurity#authorizeHttpRequests instead.
2024-12-11 19:56:09 [Test worker] INFO  o.s.s.web.DefaultSecurityFilterChain - Will not secure Mvc [pattern='/api-testing/webhook']
2024-12-11 19:56:09 [Test worker] WARN  o.s.s.c.a.web.builders.WebSecurity - You are asking Spring Security to ignore Mvc [pattern='/api-testing/orders/**']. This is not recommended -- please use permitAll via HttpSecurity#authorizeHttpRequests instead.
2024-12-11 19:56:09 [Test worker] INFO  o.s.s.web.DefaultSecurityFilterChain - Will not secure Mvc [pattern='/api-testing/orders/**']
2024-12-11 19:56:09 [Test worker] WARN  o.s.s.c.a.web.builders.WebSecurity - You are asking Spring Security to ignore Mvc [pattern='/users/login', POST]. This is not recommended -- please use permitAll via HttpSecurity#authorizeHttpRequests instead.
2024-12-11 19:56:09 [Test worker] INFO  o.s.s.web.DefaultSecurityFilterChain - Will not secure Mvc [pattern='/users/login', POST]
2024-12-11 19:56:09 [Test worker] WARN  o.s.s.c.a.web.builders.WebSecurity - You are asking Spring Security to ignore Mvc [pattern='/users/registration', POST]. This is not recommended -- please use permitAll via HttpSecurity#authorizeHttpRequests instead.
2024-12-11 19:56:09 [Test worker] INFO  o.s.s.web.DefaultSecurityFilterChain - Will not secure Mvc [pattern='/users/registration', POST]
2024-12-11 19:56:09 [Test worker] INFO  o.i.c.t.i.factory.SeatFactoryTest - Started SeatFactoryTest in 4.856 seconds (process running for 6.042)
2024-12-11 19:56:51 [background-preinit] INFO  o.h.validator.internal.util.Version - HV000001: Hibernate Validator 8.0.0.Final
2024-12-11 19:56:51 [Test worker] INFO  o.i.c.t.i.factory.SeatFactoryTest - Starting SeatFactoryTest using Java 17.0.7 with PID 150208 (started by lenovo in F:\develop\imitation-12306\imitation-12306-backend)
2024-12-11 19:56:51 [Test worker] INFO  o.i.c.t.i.factory.SeatFactoryTest - The following 1 profile is active: "ci"
2024-12-11 19:56:51 [Test worker] WARN  o.s.c.a.AnnotationTypeMapping - Support for convention-based annotation attribute overrides is deprecated and will be removed in Spring Framework 6.1. Please annotate the following attributes in @org.springframework.retry.annotation.EnableRetry with appropriate @AliasFor declarations: [proxyTargetClass]
2024-12-11 19:56:52 [Test worker] INFO  o.s.d.r.c.RepositoryConfigurationDelegate - Multiple Spring Data modules found, entering strict repository configuration mode
2024-12-11 19:56:52 [Test worker] INFO  o.s.d.r.c.RepositoryConfigurationDelegate - Bootstrapping Spring Data Redis repositories in DEFAULT mode.
2024-12-11 19:56:52 [Test worker] INFO  o.s.d.r.c.RepositoryConfigurationDelegate - Finished Spring Data repository scanning in 28 ms. Found 0 Redis repository interfaces.
2024-12-11 19:56:56 [Test worker] INFO  o.s.b.a.e.web.EndpointLinksResolver - Exposing 1 endpoint(s) beneath base path '/actuator'
2024-12-11 19:56:56 [Test worker] INFO  o.s.s.web.DefaultSecurityFilterChain - Will secure any request with [org.springframework.security.web.context.request.async.WebAsyncManagerIntegrationFilter@3eadfbbb, org.springframework.security.web.header.HeaderWriterFilter@1e9a10e9, org.infinity.common.security.jwt.JwtAuthenticationFilter@550e7ef6, org.infinity.common.security.jwt.JwtAnonymousAuthenticationFilter@7c9c7e7d, org.infinity.common.security.MdcFilter@58701e8c, org.springframework.security.web.access.ExceptionTranslationFilter@13cc3984, org.springframework.security.web.access.intercept.AuthorizationFilter@674d2b8b, org.infinity.common.security.jwt.AutoRefreshJwtFilter@951461a]
2024-12-11 19:56:57 [Test worker] WARN  o.s.s.c.a.web.builders.WebSecurity - You are asking Spring Security to ignore Mvc [pattern='/about']. This is not recommended -- please use permitAll via HttpSecurity#authorizeHttpRequests instead.
2024-12-11 19:56:57 [Test worker] INFO  o.s.s.web.DefaultSecurityFilterChain - Will not secure Mvc [pattern='/about']
2024-12-11 19:56:57 [Test worker] WARN  o.s.s.c.a.web.builders.WebSecurity - You are asking Spring Security to ignore Mvc [pattern='/favicon.ico']. This is not recommended -- please use permitAll via HttpSecurity#authorizeHttpRequests instead.
2024-12-11 19:56:57 [Test worker] INFO  o.s.s.web.DefaultSecurityFilterChain - Will not secure Mvc [pattern='/favicon.ico']
2024-12-11 19:56:57 [Test worker] WARN  o.s.s.c.a.web.builders.WebSecurity - You are asking Spring Security to ignore Mvc [pattern='/error']. This is not recommended -- please use permitAll via HttpSecurity#authorizeHttpRequests instead.
2024-12-11 19:56:57 [Test worker] INFO  o.s.s.web.DefaultSecurityFilterChain - Will not secure Mvc [pattern='/error']
2024-12-11 19:56:57 [Test worker] WARN  o.s.s.c.a.web.builders.WebSecurity - You are asking Spring Security to ignore Mvc [pattern='/MP_verify_qXC2acLZ7a7qm3Xp.txt']. This is not recommended -- please use permitAll via HttpSecurity#authorizeHttpRequests instead.
2024-12-11 19:56:57 [Test worker] INFO  o.s.s.web.DefaultSecurityFilterChain - Will not secure Mvc [pattern='/MP_verify_qXC2acLZ7a7qm3Xp.txt']
2024-12-11 19:56:57 [Test worker] WARN  o.s.s.c.a.web.builders.WebSecurity - You are asking Spring Security to ignore Mvc [pattern='/local-manual-test/orders/**']. This is not recommended -- please use permitAll via HttpSecurity#authorizeHttpRequests instead.
2024-12-11 19:56:57 [Test worker] INFO  o.s.s.web.DefaultSecurityFilterChain - Will not secure Mvc [pattern='/local-manual-test/orders/**']
2024-12-11 19:56:57 [Test worker] WARN  o.s.s.c.a.web.builders.WebSecurity - You are asking Spring Security to ignore Mvc [pattern='/local-manual-test/receive-webhook']. This is not recommended -- please use permitAll via HttpSecurity#authorizeHttpRequests instead.
2024-12-11 19:56:57 [Test worker] INFO  o.s.s.web.DefaultSecurityFilterChain - Will not secure Mvc [pattern='/local-manual-test/receive-webhook']
2024-12-11 19:56:57 [Test worker] WARN  o.s.s.c.a.web.builders.WebSecurity - You are asking Spring Security to ignore Mvc [pattern='/api-testing/webhook']. This is not recommended -- please use permitAll via HttpSecurity#authorizeHttpRequests instead.
2024-12-11 19:56:57 [Test worker] INFO  o.s.s.web.DefaultSecurityFilterChain - Will not secure Mvc [pattern='/api-testing/webhook']
2024-12-11 19:56:57 [Test worker] WARN  o.s.s.c.a.web.builders.WebSecurity - You are asking Spring Security to ignore Mvc [pattern='/api-testing/orders/**']. This is not recommended -- please use permitAll via HttpSecurity#authorizeHttpRequests instead.
2024-12-11 19:56:57 [Test worker] INFO  o.s.s.web.DefaultSecurityFilterChain - Will not secure Mvc [pattern='/api-testing/orders/**']
2024-12-11 19:56:57 [Test worker] WARN  o.s.s.c.a.web.builders.WebSecurity - You are asking Spring Security to ignore Mvc [pattern='/users/login', POST]. This is not recommended -- please use permitAll via HttpSecurity#authorizeHttpRequests instead.
2024-12-11 19:56:57 [Test worker] INFO  o.s.s.web.DefaultSecurityFilterChain - Will not secure Mvc [pattern='/users/login', POST]
2024-12-11 19:56:57 [Test worker] WARN  o.s.s.c.a.web.builders.WebSecurity - You are asking Spring Security to ignore Mvc [pattern='/users/registration', POST]. This is not recommended -- please use permitAll via HttpSecurity#authorizeHttpRequests instead.
2024-12-11 19:56:57 [Test worker] INFO  o.s.s.web.DefaultSecurityFilterChain - Will not secure Mvc [pattern='/users/registration', POST]
2024-12-11 19:56:57 [Test worker] INFO  o.i.c.t.i.factory.SeatFactoryTest - Started SeatFactoryTest in 6.573 seconds (process running for 7.73)
